<?xml version="1.0" encoding="UTF-8"?>
<!-- Generated by org.testng.reporters.JUnitReportReporter -->
<testsuite hostname="DESKTOP-O75M0A0" failures="0" tests="1" name="corejava.ps1" time="0.017" errors="0" timestamp="2024-02-15T08:03:01 GMT-05:00" skipped="0">
  <testcase classname="corejava.ps1" name="testRun" time="0.017"/>
  <system-out/>
</testsuite> <!-- corejava.ps1 -->
