<?xml version="1.0" encoding="UTF-8"?>
<!-- Generated by org.testng.reporters.JUnitReportReporter -->
<testsuite hostname="DESKTOP-O75M0A0" failures="0" tests="7" name="test.day3" time="0.045" errors="0" timestamp="2024-02-13T21:26:05 GMT-05:00" skipped="1">
  <testcase classname="test.day3" name="MobilesignoutcarLoan" time="0.004"/>
  <system-out/>
  <testcase classname="test.day3" name="MobilesignoutcarLoan" time="0.007"/>
  <system-out/>
  <testcase classname="test.day3" name="MobilesignoutcarLoan" time="0.016"/>
  <system-out/>
  <testcase classname="test.day3" name="LoginAPIcarLoan" time="0.009"/>
  <system-out/>
  <testcase classname="test.day3" name="MobilesignoutcarLoan" time="0.005"/>
  <system-out/>
  <testcase classname="test.day3" name="MobileLogincarLoan" time="0.004"/>
  <system-out/>
  <testcase classname="test.day3" name="WebloginCarLoan">
    <skipped/>
  </testcase> <!-- WebloginCarLoan -->
  <system-out/>
</testsuite> <!-- test.day3 -->
