<?xml version="1.0" encoding="UTF-8"?>
<!-- Generated by org.testng.reporters.JUnitReportReporter -->
<testsuite hostname="DESKTOP-O75M0A0" failures="0" tests="3" name="test.day4" time="0.012" errors="0" timestamp="2024-02-13T21:26:05 GMT-05:00" skipped="0">
  <testcase classname="test.day4" name="WebloginHomeLoan" time="0.002"/>
  <system-out/>
  <testcase classname="test.day4" name="MobileLoginHomeLoan" time="0.006"/>
  <system-out/>
  <testcase classname="test.day4" name="LoginAPIHomeLoan" time="0.004"/>
  <system-out/>
</testsuite> <!-- test.day4 -->
