<?xml version="1.0" encoding="UTF-8"?>
<!-- Generated by org.testng.reporters.JUnitReportReporter -->
<testsuite hostname="DESKTOP-O75M0A0" failures="0" tests="2" name="test.day1" time="0.023" errors="0" timestamp="2024-02-20T23:56:52 GMT-05:00" skipped="0">
  <testcase classname="test.day1" name="Demo" time="0.018"/>
  <system-out/>
  <testcase classname="test.day1" name="SecondTest" time="0.005"/>
  <system-out/>
</testsuite> <!-- test.day1 -->
